<?xml version="1.0" encoding="UTF-8"?>
<testsuite xmlns:xsi="http://www.w3.org/2001/XMLSchema-instance" xsi:noNamespaceSchemaLocation="https://maven.apache.org/surefire/maven-surefire-plugin/xsd/surefire-test-report-3.0.xsd" version="3.0" name="TestSuite" time="58.874" tests="19" errors="0" skipped="0" failures="0">
  <properties>
    <property name="sun.desktop" value="windows"/>
    <property name="awt.toolkit" value="sun.awt.windows.WToolkit"/>
    <property name="java.specification.version" value="11"/>
    <property name="webdriver.chrome.driver" value="C:\Users\ADMIN\Downloads\chromedriver.exe"/>
    <property name="sun.cpu.isalist" value="amd64"/>
    <property name="sun.jnu.encoding" value="Cp1252"/>
    <property name="java.class.path" value="C:\Users\ADMIN\eclipse-workspace\Com.G.Varathan\target\test-classes;C:\Users\ADMIN\eclipse-workspace\Com.G.Varathan\target\classes;C:\Windows\system32\config\systemprofile\.m2\repository\org\concordion\cubano-webdriver-manager\1.0.2\cubano-webdriver-manager-1.0.2.jar;C:\Windows\system32\config\systemprofile\.m2\repository\org\slf4j\slf4j-api\1.7.25\slf4j-api-1.7.25.jar;C:\Windows\system32\config\systemprofile\.m2\repository\ch\qos\logback\logback-classic\1.2.3\logback-classic-1.2.3.jar;C:\Windows\system32\config\systemprofile\.m2\repository\ch\qos\logback\logback-core\1.2.3\logback-core-1.2.3.jar;C:\Windows\system32\config\systemprofile\.m2\repository\org\concordion\cubano-webdriver\1.0.2\cubano-webdriver-1.0.2.jar;C:\Windows\system32\config\systemprofile\.m2\repository\org\concordion\cubano-config\1.0.2\cubano-config-1.0.2.jar;C:\Windows\system32\config\systemprofile\.m2\repository\ru\yandex\qatools\htmlelements\htmlelements-java\1.20.0\htmlelements-java-1.20.0.jar;C:\Windows\system32\config\systemprofile\.m2\repository\org\jsoup\jsoup\1.8.3\jsoup-1.8.3.jar;C:\Windows\system32\config\systemprofile\.m2\repository\org\concordion\concordion\3.0.1\concordion-3.0.1.jar;C:\Windows\system32\config\systemprofile\.m2\repository\ognl\ognl\3.1\ognl-3.1.jar;C:\Windows\system32\config\systemprofile\.m2\repository\javassist\javassist\3.11.0.GA\javassist-3.11.0.GA.jar;C:\Windows\system32\config\systemprofile\.m2\repository\com\vladsch\flexmark\flexmark\0.62.2\flexmark-0.62.2.jar;C:\Windows\system32\config\systemprofile\.m2\repository\com\vladsch\flexmark\flexmark-util-ast\0.62.2\flexmark-util-ast-0.62.2.jar;C:\Windows\system32\config\systemprofile\.m2\repository\org\jetbrains\annotations\15.0\annotations-15.0.jar;C:\Windows\system32\config\systemprofile\.m2\repository\com\vladsch\flexmark\flexmark-util-builder\0.62.2\flexmark-util-builder-0.62.2.jar;C:\Windows\system32\config\systemprofile\.m2\repository\com\vladsch\flexmark\flexmark-util-collection\0.62.2\flexmark-util-collection-0.62.2.jar;C:\Windows\system32\config\systemprofile\.m2\repository\com\vladsch\flexmark\flexmark-util-data\0.62.2\flexmark-util-data-0.62.2.jar;C:\Windows\system32\config\systemprofile\.m2\repository\com\vladsch\flexmark\flexmark-util-dependency\0.62.2\flexmark-util-dependency-0.62.2.jar;C:\Windows\system32\config\systemprofile\.m2\repository\com\vladsch\flexmark\flexmark-util-format\0.62.2\flexmark-util-format-0.62.2.jar;C:\Windows\system32\config\systemprofile\.m2\repository\com\vladsch\flexmark\flexmark-util-html\0.62.2\flexmark-util-html-0.62.2.jar;C:\Windows\system32\config\systemprofile\.m2\repository\com\vladsch\flexmark\flexmark-util-misc\0.62.2\flexmark-util-misc-0.62.2.jar;C:\Windows\system32\config\systemprofile\.m2\repository\com\vladsch\flexmark\flexmark-util-sequence\0.62.2\flexmark-util-sequence-0.62.2.jar;C:\Windows\system32\config\systemprofile\.m2\repository\com\vladsch\flexmark\flexmark-util-visitor\0.62.2\flexmark-util-visitor-0.62.2.jar;C:\Windows\system32\config\systemprofile\.m2\repository\com\vladsch\flexmark\flexmark-ext-gfm-strikethrough\0.62.2\flexmark-ext-gfm-strikethrough-0.62.2.jar;C:\Windows\system32\config\systemprofile\.m2\repository\com\vladsch\flexmark\flexmark-util\0.62.2\flexmark-util-0.62.2.jar;C:\Windows\system32\config\systemprofile\.m2\repository\com\vladsch\flexmark\flexmark-util-options\0.62.2\flexmark-util-options-0.62.2.jar;C:\Windows\system32\config\systemprofile\.m2\repository\com\vladsch\flexmark\flexmark-ext-tables\0.62.2\flexmark-ext-tables-0.62.2.jar;C:\Windows\system32\config\systemprofile\.m2\repository\com\vladsch\flexmark\flexmark-profile-pegdown\0.62.2\flexmark-profile-pegdown-0.62.2.jar;C:\Windows\system32\config\systemprofile\.m2\repository\com\vladsch\flexmark\flexmark-ext-abbreviation\0.62.2\flexmark-ext-abbreviation-0.62.2.jar;C:\Windows\system32\config\systemprofile\.m2\repository\com\vladsch\flexmark\flexmark-ext-anchorlink\0.62.2\flexmark-ext-anchorlink-0.62.2.jar;C:\Windows\system32\config\systemprofile\.m2\repository\com\vladsch\flexmark\flexmark-ext-aside\0.62.2\flexmark-ext-aside-0.62.2.jar;C:\Windows\system32\config\systemprofile\.m2\repository\com\vladsch\flexmark\flexmark-jira-converter\0.62.2\flexmark-jira-converter-0.62.2.jar;C:\Windows\system32\config\systemprofile\.m2\repository\com\vladsch\flexmark\flexmark-ext-autolink\0.62.2\flexmark-ext-autolink-0.62.2.jar;C:\Windows\system32\config\systemprofile\.m2\repository\org\nibor\autolink\autolink\0.6.0\autolink-0.6.0.jar;C:\Windows\system32\config\systemprofile\.m2\repository\com\vladsch\flexmark\flexmark-ext-definition\0.62.2\flexmark-ext-definition-0.62.2.jar;C:\Windows\system32\config\systemprofile\.m2\repository\com\vladsch\flexmark\flexmark-ext-emoji\0.62.2\flexmark-ext-emoji-0.62.2.jar;C:\Windows\system32\config\systemprofile\.m2\repository\com\vladsch\flexmark\flexmark-ext-escaped-character\0.62.2\flexmark-ext-escaped-character-0.62.2.jar;C:\Windows\system32\config\systemprofile\.m2\repository\com\vladsch\flexmark\flexmark-ext-footnotes\0.62.2\flexmark-ext-footnotes-0.62.2.jar;C:\Windows\system32\config\systemprofile\.m2\repository\com\vladsch\flexmark\flexmark-ext-gfm-tasklist\0.62.2\flexmark-ext-gfm-tasklist-0.62.2.jar;C:\Windows\system32\config\systemprofile\.m2\repository\com\vladsch\flexmark\flexmark-ext-ins\0.62.2\flexmark-ext-ins-0.62.2.jar;C:\Windows\system32\config\systemprofile\.m2\repository\com\vladsch\flexmark\flexmark-ext-jekyll-front-matter\0.62.2\flexmark-ext-jekyll-front-matter-0.62.2.jar;C:\Windows\system32\config\systemprofile\.m2\repository\com\vladsch\flexmark\flexmark-ext-yaml-front-matter\0.62.2\flexmark-ext-yaml-front-matter-0.62.2.jar;C:\Windows\system32\config\systemprofile\.m2\repository\com\vladsch\flexmark\flexmark-ext-superscript\0.62.2\flexmark-ext-superscript-0.62.2.jar;C:\Windows\system32\config\systemprofile\.m2\repository\com\vladsch\flexmark\flexmark-ext-toc\0.62.2\flexmark-ext-toc-0.62.2.jar;C:\Windows\system32\config\systemprofile\.m2\repository\com\vladsch\flexmark\flexmark-ext-typographic\0.62.2\flexmark-ext-typographic-0.62.2.jar;C:\Windows\system32\config\systemprofile\.m2\repository\com\vladsch\flexmark\flexmark-ext-wikilink\0.62.2\flexmark-ext-wikilink-0.62.2.jar;C:\Windows\system32\config\systemprofile\.m2\repository\xom\xom\1.2.5\xom-1.2.5.jar;C:\Windows\system32\config\systemprofile\.m2\repository\org\concordion\concordion-logback-extension\2.0.0\concordion-logback-extension-2.0.0.jar;C:\Windows\system32\config\systemprofile\.m2\repository\org\concordion\concordion-logging-tooltip-extension\1.1.2\concordion-logging-tooltip-extension-1.1.2.jar;C:\Windows\system32\config\systemprofile\.m2\repository\commons-lang\commons-lang\2.6\commons-lang-2.6.jar;C:\Windows\system32\config\systemprofile\.m2\repository\org\slf4j\slf4j-ext\1.7.25\slf4j-ext-1.7.25.jar;C:\Windows\system32\config\systemprofile\.m2\repository\org\concordion\concordion-storyboard-extension\2.0.0\concordion-storyboard-extension-2.0.0.jar;C:\Windows\system32\config\systemprofile\.m2\repository\org\concordion\concordion-logback-extension\2.0.0\concordion-logback-extension-2.0.0-reportlogger.jar;C:\Windows\system32\config\systemprofile\.m2\repository\io\github\bonigarcia\webdrivermanager\3.4.0\webdrivermanager-3.4.0.jar;C:\Windows\system32\config\systemprofile\.m2\repository\commons-io\commons-io\2.6\commons-io-2.6.jar;C:\Windows\system32\config\systemprofile\.m2\repository\com\google\code\gson\gson\2.8.5\gson-2.8.5.jar;C:\Windows\system32\config\systemprofile\.m2\repository\org\apache\commons\commons-lang3\3.8.1\commons-lang3-3.8.1.jar;C:\Windows\system32\config\systemprofile\.m2\repository\org\apache\httpcomponents\httpclient\4.5.6\httpclient-4.5.6.jar;C:\Windows\system32\config\systemprofile\.m2\repository\org\apache\httpcomponents\httpcore\4.4.10\httpcore-4.4.10.jar;C:\Windows\system32\config\systemprofile\.m2\repository\commons-logging\commons-logging\1.2\commons-logging-1.2.jar;C:\Windows\system32\config\systemprofile\.m2\repository\org\rauschig\jarchivelib\1.0.0\jarchivelib-1.0.0.jar;C:\Windows\system32\config\systemprofile\.m2\repository\org\seleniumhq\selenium\selenium-java\3.141.59\selenium-java-3.141.59.jar;C:\Windows\system32\config\systemprofile\.m2\repository\org\seleniumhq\selenium\selenium-api\3.141.59\selenium-api-3.141.59.jar;C:\Windows\system32\config\systemprofile\.m2\repository\org\seleniumhq\selenium\selenium-chrome-driver\3.141.59\selenium-chrome-driver-3.141.59.jar;C:\Windows\system32\config\systemprofile\.m2\repository\org\seleniumhq\selenium\selenium-edge-driver\3.141.59\selenium-edge-driver-3.141.59.jar;C:\Windows\system32\config\systemprofile\.m2\repository\org\seleniumhq\selenium\selenium-firefox-driver\3.141.59\selenium-firefox-driver-3.141.59.jar;C:\Windows\system32\config\systemprofile\.m2\repository\org\seleniumhq\selenium\selenium-ie-driver\3.141.59\selenium-ie-driver-3.141.59.jar;C:\Windows\system32\config\systemprofile\.m2\repository\org\seleniumhq\selenium\selenium-opera-driver\3.141.59\selenium-opera-driver-3.141.59.jar;C:\Windows\system32\config\systemprofile\.m2\repository\org\seleniumhq\selenium\selenium-remote-driver\3.141.59\selenium-remote-driver-3.141.59.jar;C:\Windows\system32\config\systemprofile\.m2\repository\org\seleniumhq\selenium\selenium-safari-driver\3.141.59\selenium-safari-driver-3.141.59.jar;C:\Windows\system32\config\systemprofile\.m2\repository\org\seleniumhq\selenium\selenium-support\3.141.59\selenium-support-3.141.59.jar;C:\Windows\system32\config\systemprofile\.m2\repository\net\bytebuddy\byte-buddy\1.8.15\byte-buddy-1.8.15.jar;C:\Windows\system32\config\systemprofile\.m2\repository\org\apache\commons\commons-exec\1.3\commons-exec-1.3.jar;C:\Windows\system32\config\systemprofile\.m2\repository\com\google\guava\guava\25.0-jre\guava-25.0-jre.jar;C:\Windows\system32\config\systemprofile\.m2\repository\com\google\code\findbugs\jsr305\1.3.9\jsr305-1.3.9.jar;C:\Windows\system32\config\systemprofile\.m2\repository\org\checkerframework\checker-compat-qual\2.0.0\checker-compat-qual-2.0.0.jar;C:\Windows\system32\config\systemprofile\.m2\repository\com\google\errorprone\error_prone_annotations\2.1.3\error_prone_annotations-2.1.3.jar;C:\Windows\system32\config\systemprofile\.m2\repository\com\google\j2objc\j2objc-annotations\1.1\j2objc-annotations-1.1.jar;C:\Windows\system32\config\systemprofile\.m2\repository\org\codehaus\mojo\animal-sniffer-annotations\1.14\animal-sniffer-annotations-1.14.jar;C:\Windows\system32\config\systemprofile\.m2\repository\com\squareup\okhttp3\okhttp\3.11.0\okhttp-3.11.0.jar;C:\Windows\system32\config\systemprofile\.m2\repository\com\squareup\okio\okio\1.14.0\okio-1.14.0.jar;C:\Windows\system32\config\systemprofile\.m2\repository\org\testng\testng\7.3.0\testng-7.3.0.jar;C:\Windows\system32\config\systemprofile\.m2\repository\com\beust\jcommander\1.78\jcommander-1.78.jar;C:\Windows\system32\config\systemprofile\.m2\repository\org\apache\ant\ant\1.10.3\ant-1.10.3.jar;C:\Windows\system32\config\systemprofile\.m2\repository\org\apache\ant\ant-launcher\1.10.3\ant-launcher-1.10.3.jar;C:\Windows\system32\config\systemprofile\.m2\repository\junit\junit\4.12\junit-4.12.jar;C:\Windows\system32\config\systemprofile\.m2\repository\org\hamcrest\hamcrest-core\1.3\hamcrest-core-1.3.jar;C:\Windows\system32\config\systemprofile\.m2\repository\com\google\inject\guice\4.2.2\guice-4.2.2-no_aop.jar;C:\Windows\system32\config\systemprofile\.m2\repository\javax\inject\javax.inject\1\javax.inject-1.jar;C:\Windows\system32\config\systemprofile\.m2\repository\aopalliance\aopalliance\1.0\aopalliance-1.0.jar;C:\Windows\system32\config\systemprofile\.m2\repository\org\yaml\snakeyaml\1.21\snakeyaml-1.21.jar;C:\Windows\system32\config\systemprofile\.m2\repository\org\apache\poi\poi\5.0.0\poi-5.0.0.jar;C:\Windows\system32\config\systemprofile\.m2\repository\org\slf4j\jcl-over-slf4j\1.7.30\jcl-over-slf4j-1.7.30.jar;C:\Windows\system32\config\systemprofile\.m2\repository\commons-codec\commons-codec\1.15\commons-codec-1.15.jar;C:\Windows\system32\config\systemprofile\.m2\repository\org\apache\commons\commons-collections4\4.4\commons-collections4-4.4.jar;C:\Windows\system32\config\systemprofile\.m2\repository\org\apache\commons\commons-math3\3.6.1\commons-math3-3.6.1.jar;C:\Windows\system32\config\systemprofile\.m2\repository\com\zaxxer\SparseBitSet\1.2\SparseBitSet-1.2.jar;C:\Windows\system32\config\systemprofile\.m2\repository\org\apache\poi\poi-ooxml\5.0.0\poi-ooxml-5.0.0.jar;C:\Windows\system32\config\systemprofile\.m2\repository\org\apache\poi\poi-ooxml-lite\5.0.0\poi-ooxml-lite-5.0.0.jar;C:\Windows\system32\config\systemprofile\.m2\repository\org\apache\xmlbeans\xmlbeans\4.0.0\xmlbeans-4.0.0.jar;C:\Windows\system32\config\systemprofile\.m2\repository\org\apache\commons\commons-compress\1.20\commons-compress-1.20.jar;C:\Windows\system32\config\systemprofile\.m2\repository\com\github\virtuald\curvesapi\1.06\curvesapi-1.06.jar;C:\Windows\system32\config\systemprofile\.m2\repository\org\bouncycastle\bcpkix-jdk15on\1.68\bcpkix-jdk15on-1.68.jar;C:\Windows\system32\config\systemprofile\.m2\repository\org\bouncycastle\bcprov-jdk15on\1.68\bcprov-jdk15on-1.68.jar;C:\Windows\system32\config\systemprofile\.m2\repository\org\apache\santuario\xmlsec\2.2.1\xmlsec-2.2.1.jar;C:\Windows\system32\config\systemprofile\.m2\repository\com\fasterxml\woodstox\woodstox-core\5.2.1\woodstox-core-5.2.1.jar;C:\Windows\system32\config\systemprofile\.m2\repository\org\codehaus\woodstox\stax2-api\4.2\stax2-api-4.2.jar;C:\Windows\system32\config\systemprofile\.m2\repository\jakarta\xml\bind\jakarta.xml.bind-api\2.3.2\jakarta.xml.bind-api-2.3.2.jar;C:\Windows\system32\config\systemprofile\.m2\repository\jakarta\activation\jakarta.activation-api\1.2.1\jakarta.activation-api-1.2.1.jar;C:\Windows\system32\config\systemprofile\.m2\repository\org\apache\xmlgraphics\batik-all\1.13\batik-all-1.13.jar;C:\Windows\system32\config\systemprofile\.m2\repository\org\apache\xmlgraphics\batik-anim\1.13\batik-anim-1.13.jar;C:\Windows\system32\config\systemprofile\.m2\repository\org\apache\xmlgraphics\batik-shared-resources\1.13\batik-shared-resources-1.13.jar;C:\Windows\system32\config\systemprofile\.m2\repository\xml-apis\xml-apis-ext\1.3.04\xml-apis-ext-1.3.04.jar;C:\Windows\system32\config\systemprofile\.m2\repository\org\apache\xmlgraphics\batik-awt-util\1.13\batik-awt-util-1.13.jar;C:\Windows\system32\config\systemprofile\.m2\repository\org\apache\xmlgraphics\xmlgraphics-commons\2.4\xmlgraphics-commons-2.4.jar;C:\Windows\system32\config\systemprofile\.m2\repository\org\apache\xmlgraphics\batik-bridge\1.13\batik-bridge-1.13.jar;C:\Windows\system32\config\systemprofile\.m2\repository\org\apache\xmlgraphics\batik-codec\1.13\batik-codec-1.13.jar;C:\Windows\system32\config\systemprofile\.m2\repository\org\apache\xmlgraphics\batik-constants\1.13\batik-constants-1.13.jar;C:\Windows\system32\config\systemprofile\.m2\repository\org\apache\xmlgraphics\batik-css\1.13\batik-css-1.13.jar;C:\Windows\system32\config\systemprofile\.m2\repository\org\apache\xmlgraphics\batik-dom\1.13\batik-dom-1.13.jar;C:\Windows\system32\config\systemprofile\.m2\repository\xalan\xalan\2.7.2\xalan-2.7.2.jar;C:\Windows\system32\config\systemprofile\.m2\repository\xalan\serializer\2.7.2\serializer-2.7.2.jar;C:\Windows\system32\config\systemprofile\.m2\repository\xml-apis\xml-apis\1.4.01\xml-apis-1.4.01.jar;C:\Windows\system32\config\systemprofile\.m2\repository\org\apache\xmlgraphics\batik-ext\1.13\batik-ext-1.13.jar;C:\Windows\system32\config\systemprofile\.m2\repository\org\apache\xmlgraphics\batik-extension\1.13\batik-extension-1.13.jar;C:\Windows\system32\config\systemprofile\.m2\repository\org\apache\xmlgraphics\batik-gui-util\1.13\batik-gui-util-1.13.jar;C:\Windows\system32\config\systemprofile\.m2\repository\org\apache\xmlgraphics\batik-gvt\1.13\batik-gvt-1.13.jar;C:\Windows\system32\config\systemprofile\.m2\repository\org\apache\xmlgraphics\batik-i18n\1.13\batik-i18n-1.13.jar;C:\Windows\system32\config\systemprofile\.m2\repository\org\apache\xmlgraphics\batik-parser\1.13\batik-parser-1.13.jar;C:\Windows\system32\config\systemprofile\.m2\repository\org\apache\xmlgraphics\batik-rasterizer-ext\1.13\batik-rasterizer-ext-1.13.jar;C:\Windows\system32\config\systemprofile\.m2\repository\org\apache\xmlgraphics\batik-rasterizer\1.13\batik-rasterizer-1.13.jar;C:\Windows\system32\config\systemprofile\.m2\repository\org\apache\xmlgraphics\batik-script\1.13\batik-script-1.13.jar;C:\Windows\system32\config\systemprofile\.m2\repository\org\apache\xmlgraphics\batik-slideshow\1.13\batik-slideshow-1.13.jar;C:\Windows\system32\config\systemprofile\.m2\repository\org\apache\xmlgraphics\batik-squiggle-ext\1.13\batik-squiggle-ext-1.13.jar;C:\Windows\system32\config\systemprofile\.m2\repository\org\apache\xmlgraphics\batik-squiggle\1.13\batik-squiggle-1.13.jar;C:\Windows\system32\config\systemprofile\.m2\repository\org\apache\xmlgraphics\batik-svg-dom\1.13\batik-svg-dom-1.13.jar;C:\Windows\system32\config\systemprofile\.m2\repository\org\apache\xmlgraphics\batik-svgbrowser\1.13\batik-svgbrowser-1.13.jar;C:\Windows\system32\config\systemprofile\.m2\repository\org\apache\xmlgraphics\batik-svggen\1.13\batik-svggen-1.13.jar;C:\Windows\system32\config\systemprofile\.m2\repository\org\apache\xmlgraphics\batik-svgpp\1.13\batik-svgpp-1.13.jar;C:\Windows\system32\config\systemprofile\.m2\repository\org\apache\xmlgraphics\batik-svgrasterizer\1.13\batik-svgrasterizer-1.13.jar;C:\Windows\system32\config\systemprofile\.m2\repository\org\apache\xmlgraphics\batik-swing\1.13\batik-swing-1.13.jar;C:\Windows\system32\config\systemprofile\.m2\repository\org\apache\xmlgraphics\batik-transcoder\1.13\batik-transcoder-1.13.jar;C:\Windows\system32\config\systemprofile\.m2\repository\org\apache\xmlgraphics\batik-util\1.13\batik-util-1.13.jar;C:\Windows\system32\config\systemprofile\.m2\repository\org\apache\xmlgraphics\batik-ttf2svg\1.13\batik-ttf2svg-1.13.jar;C:\Windows\system32\config\systemprofile\.m2\repository\org\apache\xmlgraphics\batik-xml\1.13\batik-xml-1.13.jar;C:\Windows\system32\config\systemprofile\.m2\repository\de\rototor\pdfbox\graphics2d\0.30\graphics2d-0.30.jar;C:\Windows\system32\config\systemprofile\.m2\repository\org\apache\pdfbox\pdfbox\2.0.22\pdfbox-2.0.22.jar;C:\Windows\system32\config\systemprofile\.m2\repository\org\apache\pdfbox\fontbox\2.0.22\fontbox-2.0.22.jar;"/>
    <property name="java.vm.vendor" value="Oracle Corporation"/>
    <property name="sun.arch.data.model" value="64"/>
    <property name="user.variant" value=""/>
    <property name="java.vendor.url" value="https://openjdk.java.net/"/>
    <property name="user.timezone" value="America/Los_Angeles"/>
    <property name="java.vm.specification.version" value="11"/>
    <property name="os.name" value="Windows 8.1"/>
    <property name="sun.java.launcher" value="SUN_STANDARD"/>
    <property name="user.country" value="US"/>
    <property name="sun.boot.library.path" value="C:\Program Files\Java\jdk-11.0.10\bin"/>
    <property name="sun.java.command" value="C:\Windows\Temp\surefire18142056756517700659\surefirebooter14831138480081829408.jar C:\Windows\Temp\surefire18142056756517700659 2021-03-01T23-39-32_406-jvmRun1 surefire13431698866668953240tmp surefire_012406851794135738881tmp"/>
    <property name="jdk.debug" value="release"/>
    <property name="surefire.test.class.path" value="C:\Users\ADMIN\eclipse-workspace\Com.G.Varathan\target\test-classes;C:\Users\ADMIN\eclipse-workspace\Com.G.Varathan\target\classes;C:\Windows\system32\config\systemprofile\.m2\repository\org\concordion\cubano-webdriver-manager\1.0.2\cubano-webdriver-manager-1.0.2.jar;C:\Windows\system32\config\systemprofile\.m2\repository\org\slf4j\slf4j-api\1.7.25\slf4j-api-1.7.25.jar;C:\Windows\system32\config\systemprofile\.m2\repository\ch\qos\logback\logback-classic\1.2.3\logback-classic-1.2.3.jar;C:\Windows\system32\config\systemprofile\.m2\repository\ch\qos\logback\logback-core\1.2.3\logback-core-1.2.3.jar;C:\Windows\system32\config\systemprofile\.m2\repository\org\concordion\cubano-webdriver\1.0.2\cubano-webdriver-1.0.2.jar;C:\Windows\system32\config\systemprofile\.m2\repository\org\concordion\cubano-config\1.0.2\cubano-config-1.0.2.jar;C:\Windows\system32\config\systemprofile\.m2\repository\ru\yandex\qatools\htmlelements\htmlelements-java\1.20.0\htmlelements-java-1.20.0.jar;C:\Windows\system32\config\systemprofile\.m2\repository\org\jsoup\jsoup\1.8.3\jsoup-1.8.3.jar;C:\Windows\system32\config\systemprofile\.m2\repository\org\concordion\concordion\3.0.1\concordion-3.0.1.jar;C:\Windows\system32\config\systemprofile\.m2\repository\ognl\ognl\3.1\ognl-3.1.jar;C:\Windows\system32\config\systemprofile\.m2\repository\javassist\javassist\3.11.0.GA\javassist-3.11.0.GA.jar;C:\Windows\system32\config\systemprofile\.m2\repository\com\vladsch\flexmark\flexmark\0.62.2\flexmark-0.62.2.jar;C:\Windows\system32\config\systemprofile\.m2\repository\com\vladsch\flexmark\flexmark-util-ast\0.62.2\flexmark-util-ast-0.62.2.jar;C:\Windows\system32\config\systemprofile\.m2\repository\org\jetbrains\annotations\15.0\annotations-15.0.jar;C:\Windows\system32\config\systemprofile\.m2\repository\com\vladsch\flexmark\flexmark-util-builder\0.62.2\flexmark-util-builder-0.62.2.jar;C:\Windows\system32\config\systemprofile\.m2\repository\com\vladsch\flexmark\flexmark-util-collection\0.62.2\flexmark-util-collection-0.62.2.jar;C:\Windows\system32\config\systemprofile\.m2\repository\com\vladsch\flexmark\flexmark-util-data\0.62.2\flexmark-util-data-0.62.2.jar;C:\Windows\system32\config\systemprofile\.m2\repository\com\vladsch\flexmark\flexmark-util-dependency\0.62.2\flexmark-util-dependency-0.62.2.jar;C:\Windows\system32\config\systemprofile\.m2\repository\com\vladsch\flexmark\flexmark-util-format\0.62.2\flexmark-util-format-0.62.2.jar;C:\Windows\system32\config\systemprofile\.m2\repository\com\vladsch\flexmark\flexmark-util-html\0.62.2\flexmark-util-html-0.62.2.jar;C:\Windows\system32\config\systemprofile\.m2\repository\com\vladsch\flexmark\flexmark-util-misc\0.62.2\flexmark-util-misc-0.62.2.jar;C:\Windows\system32\config\systemprofile\.m2\repository\com\vladsch\flexmark\flexmark-util-sequence\0.62.2\flexmark-util-sequence-0.62.2.jar;C:\Windows\system32\config\systemprofile\.m2\repository\com\vladsch\flexmark\flexmark-util-visitor\0.62.2\flexmark-util-visitor-0.62.2.jar;C:\Windows\system32\config\systemprofile\.m2\repository\com\vladsch\flexmark\flexmark-ext-gfm-strikethrough\0.62.2\flexmark-ext-gfm-strikethrough-0.62.2.jar;C:\Windows\system32\config\systemprofile\.m2\repository\com\vladsch\flexmark\flexmark-util\0.62.2\flexmark-util-0.62.2.jar;C:\Windows\system32\config\systemprofile\.m2\repository\com\vladsch\flexmark\flexmark-util-options\0.62.2\flexmark-util-options-0.62.2.jar;C:\Windows\system32\config\systemprofile\.m2\repository\com\vladsch\flexmark\flexmark-ext-tables\0.62.2\flexmark-ext-tables-0.62.2.jar;C:\Windows\system32\config\systemprofile\.m2\repository\com\vladsch\flexmark\flexmark-profile-pegdown\0.62.2\flexmark-profile-pegdown-0.62.2.jar;C:\Windows\system32\config\systemprofile\.m2\repository\com\vladsch\flexmark\flexmark-ext-abbreviation\0.62.2\flexmark-ext-abbreviation-0.62.2.jar;C:\Windows\system32\config\systemprofile\.m2\repository\com\vladsch\flexmark\flexmark-ext-anchorlink\0.62.2\flexmark-ext-anchorlink-0.62.2.jar;C:\Windows\system32\config\systemprofile\.m2\repository\com\vladsch\flexmark\flexmark-ext-aside\0.62.2\flexmark-ext-aside-0.62.2.jar;C:\Windows\system32\config\systemprofile\.m2\repository\com\vladsch\flexmark\flexmark-jira-converter\0.62.2\flexmark-jira-converter-0.62.2.jar;C:\Windows\system32\config\systemprofile\.m2\repository\com\vladsch\flexmark\flexmark-ext-autolink\0.62.2\flexmark-ext-autolink-0.62.2.jar;C:\Windows\system32\config\systemprofile\.m2\repository\org\nibor\autolink\autolink\0.6.0\autolink-0.6.0.jar;C:\Windows\system32\config\systemprofile\.m2\repository\com\vladsch\flexmark\flexmark-ext-definition\0.62.2\flexmark-ext-definition-0.62.2.jar;C:\Windows\system32\config\systemprofile\.m2\repository\com\vladsch\flexmark\flexmark-ext-emoji\0.62.2\flexmark-ext-emoji-0.62.2.jar;C:\Windows\system32\config\systemprofile\.m2\repository\com\vladsch\flexmark\flexmark-ext-escaped-character\0.62.2\flexmark-ext-escaped-character-0.62.2.jar;C:\Windows\system32\config\systemprofile\.m2\repository\com\vladsch\flexmark\flexmark-ext-footnotes\0.62.2\flexmark-ext-footnotes-0.62.2.jar;C:\Windows\system32\config\systemprofile\.m2\repository\com\vladsch\flexmark\flexmark-ext-gfm-tasklist\0.62.2\flexmark-ext-gfm-tasklist-0.62.2.jar;C:\Windows\system32\config\systemprofile\.m2\repository\com\vladsch\flexmark\flexmark-ext-ins\0.62.2\flexmark-ext-ins-0.62.2.jar;C:\Windows\system32\config\systemprofile\.m2\repository\com\vladsch\flexmark\flexmark-ext-jekyll-front-matter\0.62.2\flexmark-ext-jekyll-front-matter-0.62.2.jar;C:\Windows\system32\config\systemprofile\.m2\repository\com\vladsch\flexmark\flexmark-ext-yaml-front-matter\0.62.2\flexmark-ext-yaml-front-matter-0.62.2.jar;C:\Windows\system32\config\systemprofile\.m2\repository\com\vladsch\flexmark\flexmark-ext-superscript\0.62.2\flexmark-ext-superscript-0.62.2.jar;C:\Windows\system32\config\systemprofile\.m2\repository\com\vladsch\flexmark\flexmark-ext-toc\0.62.2\flexmark-ext-toc-0.62.2.jar;C:\Windows\system32\config\systemprofile\.m2\repository\com\vladsch\flexmark\flexmark-ext-typographic\0.62.2\flexmark-ext-typographic-0.62.2.jar;C:\Windows\system32\config\systemprofile\.m2\repository\com\vladsch\flexmark\flexmark-ext-wikilink\0.62.2\flexmark-ext-wikilink-0.62.2.jar;C:\Windows\system32\config\systemprofile\.m2\repository\xom\xom\1.2.5\xom-1.2.5.jar;C:\Windows\system32\config\systemprofile\.m2\repository\org\concordion\concordion-logback-extension\2.0.0\concordion-logback-extension-2.0.0.jar;C:\Windows\system32\config\systemprofile\.m2\repository\org\concordion\concordion-logging-tooltip-extension\1.1.2\concordion-logging-tooltip-extension-1.1.2.jar;C:\Windows\system32\config\systemprofile\.m2\repository\commons-lang\commons-lang\2.6\commons-lang-2.6.jar;C:\Windows\system32\config\systemprofile\.m2\repository\org\slf4j\slf4j-ext\1.7.25\slf4j-ext-1.7.25.jar;C:\Windows\system32\config\systemprofile\.m2\repository\org\concordion\concordion-storyboard-extension\2.0.0\concordion-storyboard-extension-2.0.0.jar;C:\Windows\system32\config\systemprofile\.m2\repository\org\concordion\concordion-logback-extension\2.0.0\concordion-logback-extension-2.0.0-reportlogger.jar;C:\Windows\system32\config\systemprofile\.m2\repository\io\github\bonigarcia\webdrivermanager\3.4.0\webdrivermanager-3.4.0.jar;C:\Windows\system32\config\systemprofile\.m2\repository\commons-io\commons-io\2.6\commons-io-2.6.jar;C:\Windows\system32\config\systemprofile\.m2\repository\com\google\code\gson\gson\2.8.5\gson-2.8.5.jar;C:\Windows\system32\config\systemprofile\.m2\repository\org\apache\commons\commons-lang3\3.8.1\commons-lang3-3.8.1.jar;C:\Windows\system32\config\systemprofile\.m2\repository\org\apache\httpcomponents\httpclient\4.5.6\httpclient-4.5.6.jar;C:\Windows\system32\config\systemprofile\.m2\repository\org\apache\httpcomponents\httpcore\4.4.10\httpcore-4.4.10.jar;C:\Windows\system32\config\systemprofile\.m2\repository\commons-logging\commons-logging\1.2\commons-logging-1.2.jar;C:\Windows\system32\config\systemprofile\.m2\repository\org\rauschig\jarchivelib\1.0.0\jarchivelib-1.0.0.jar;C:\Windows\system32\config\systemprofile\.m2\repository\org\seleniumhq\selenium\selenium-java\3.141.59\selenium-java-3.141.59.jar;C:\Windows\system32\config\systemprofile\.m2\repository\org\seleniumhq\selenium\selenium-api\3.141.59\selenium-api-3.141.59.jar;C:\Windows\system32\config\systemprofile\.m2\repository\org\seleniumhq\selenium\selenium-chrome-driver\3.141.59\selenium-chrome-driver-3.141.59.jar;C:\Windows\system32\config\systemprofile\.m2\repository\org\seleniumhq\selenium\selenium-edge-driver\3.141.59\selenium-edge-driver-3.141.59.jar;C:\Windows\system32\config\systemprofile\.m2\repository\org\seleniumhq\selenium\selenium-firefox-driver\3.141.59\selenium-firefox-driver-3.141.59.jar;C:\Windows\system32\config\systemprofile\.m2\repository\org\seleniumhq\selenium\selenium-ie-driver\3.141.59\selenium-ie-driver-3.141.59.jar;C:\Windows\system32\config\systemprofile\.m2\repository\org\seleniumhq\selenium\selenium-opera-driver\3.141.59\selenium-opera-driver-3.141.59.jar;C:\Windows\system32\config\systemprofile\.m2\repository\org\seleniumhq\selenium\selenium-remote-driver\3.141.59\selenium-remote-driver-3.141.59.jar;C:\Windows\system32\config\systemprofile\.m2\repository\org\seleniumhq\selenium\selenium-safari-driver\3.141.59\selenium-safari-driver-3.141.59.jar;C:\Windows\system32\config\systemprofile\.m2\repository\org\seleniumhq\selenium\selenium-support\3.141.59\selenium-support-3.141.59.jar;C:\Windows\system32\config\systemprofile\.m2\repository\net\bytebuddy\byte-buddy\1.8.15\byte-buddy-1.8.15.jar;C:\Windows\system32\config\systemprofile\.m2\repository\org\apache\commons\commons-exec\1.3\commons-exec-1.3.jar;C:\Windows\system32\config\systemprofile\.m2\repository\com\google\guava\guava\25.0-jre\guava-25.0-jre.jar;C:\Windows\system32\config\systemprofile\.m2\repository\com\google\code\findbugs\jsr305\1.3.9\jsr305-1.3.9.jar;C:\Windows\system32\config\systemprofile\.m2\repository\org\checkerframework\checker-compat-qual\2.0.0\checker-compat-qual-2.0.0.jar;C:\Windows\system32\config\systemprofile\.m2\repository\com\google\errorprone\error_prone_annotations\2.1.3\error_prone_annotations-2.1.3.jar;C:\Windows\system32\config\systemprofile\.m2\repository\com\google\j2objc\j2objc-annotations\1.1\j2objc-annotations-1.1.jar;C:\Windows\system32\config\systemprofile\.m2\repository\org\codehaus\mojo\animal-sniffer-annotations\1.14\animal-sniffer-annotations-1.14.jar;C:\Windows\system32\config\systemprofile\.m2\repository\com\squareup\okhttp3\okhttp\3.11.0\okhttp-3.11.0.jar;C:\Windows\system32\config\systemprofile\.m2\repository\com\squareup\okio\okio\1.14.0\okio-1.14.0.jar;C:\Windows\system32\config\systemprofile\.m2\repository\org\testng\testng\7.3.0\testng-7.3.0.jar;C:\Windows\system32\config\systemprofile\.m2\repository\com\beust\jcommander\1.78\jcommander-1.78.jar;C:\Windows\system32\config\systemprofile\.m2\repository\org\apache\ant\ant\1.10.3\ant-1.10.3.jar;C:\Windows\system32\config\systemprofile\.m2\repository\org\apache\ant\ant-launcher\1.10.3\ant-launcher-1.10.3.jar;C:\Windows\system32\config\systemprofile\.m2\repository\junit\junit\4.12\junit-4.12.jar;C:\Windows\system32\config\systemprofile\.m2\repository\org\hamcrest\hamcrest-core\1.3\hamcrest-core-1.3.jar;C:\Windows\system32\config\systemprofile\.m2\repository\com\google\inject\guice\4.2.2\guice-4.2.2-no_aop.jar;C:\Windows\system32\config\systemprofile\.m2\repository\javax\inject\javax.inject\1\javax.inject-1.jar;C:\Windows\system32\config\systemprofile\.m2\repository\aopalliance\aopalliance\1.0\aopalliance-1.0.jar;C:\Windows\system32\config\systemprofile\.m2\repository\org\yaml\snakeyaml\1.21\snakeyaml-1.21.jar;C:\Windows\system32\config\systemprofile\.m2\repository\org\apache\poi\poi\5.0.0\poi-5.0.0.jar;C:\Windows\system32\config\systemprofile\.m2\repository\org\slf4j\jcl-over-slf4j\1.7.30\jcl-over-slf4j-1.7.30.jar;C:\Windows\system32\config\systemprofile\.m2\repository\commons-codec\commons-codec\1.15\commons-codec-1.15.jar;C:\Windows\system32\config\systemprofile\.m2\repository\org\apache\commons\commons-collections4\4.4\commons-collections4-4.4.jar;C:\Windows\system32\config\systemprofile\.m2\repository\org\apache\commons\commons-math3\3.6.1\commons-math3-3.6.1.jar;C:\Windows\system32\config\systemprofile\.m2\repository\com\zaxxer\SparseBitSet\1.2\SparseBitSet-1.2.jar;C:\Windows\system32\config\systemprofile\.m2\repository\org\apache\poi\poi-ooxml\5.0.0\poi-ooxml-5.0.0.jar;C:\Windows\system32\config\systemprofile\.m2\repository\org\apache\poi\poi-ooxml-lite\5.0.0\poi-ooxml-lite-5.0.0.jar;C:\Windows\system32\config\systemprofile\.m2\repository\org\apache\xmlbeans\xmlbeans\4.0.0\xmlbeans-4.0.0.jar;C:\Windows\system32\config\systemprofile\.m2\repository\org\apache\commons\commons-compress\1.20\commons-compress-1.20.jar;C:\Windows\system32\config\systemprofile\.m2\repository\com\github\virtuald\curvesapi\1.06\curvesapi-1.06.jar;C:\Windows\system32\config\systemprofile\.m2\repository\org\bouncycastle\bcpkix-jdk15on\1.68\bcpkix-jdk15on-1.68.jar;C:\Windows\system32\config\systemprofile\.m2\repository\org\bouncycastle\bcprov-jdk15on\1.68\bcprov-jdk15on-1.68.jar;C:\Windows\system32\config\systemprofile\.m2\repository\org\apache\santuario\xmlsec\2.2.1\xmlsec-2.2.1.jar;C:\Windows\system32\config\systemprofile\.m2\repository\com\fasterxml\woodstox\woodstox-core\5.2.1\woodstox-core-5.2.1.jar;C:\Windows\system32\config\systemprofile\.m2\repository\org\codehaus\woodstox\stax2-api\4.2\stax2-api-4.2.jar;C:\Windows\system32\config\systemprofile\.m2\repository\jakarta\xml\bind\jakarta.xml.bind-api\2.3.2\jakarta.xml.bind-api-2.3.2.jar;C:\Windows\system32\config\systemprofile\.m2\repository\jakarta\activation\jakarta.activation-api\1.2.1\jakarta.activation-api-1.2.1.jar;C:\Windows\system32\config\systemprofile\.m2\repository\org\apache\xmlgraphics\batik-all\1.13\batik-all-1.13.jar;C:\Windows\system32\config\systemprofile\.m2\repository\org\apache\xmlgraphics\batik-anim\1.13\batik-anim-1.13.jar;C:\Windows\system32\config\systemprofile\.m2\repository\org\apache\xmlgraphics\batik-shared-resources\1.13\batik-shared-resources-1.13.jar;C:\Windows\system32\config\systemprofile\.m2\repository\xml-apis\xml-apis-ext\1.3.04\xml-apis-ext-1.3.04.jar;C:\Windows\system32\config\systemprofile\.m2\repository\org\apache\xmlgraphics\batik-awt-util\1.13\batik-awt-util-1.13.jar;C:\Windows\system32\config\systemprofile\.m2\repository\org\apache\xmlgraphics\xmlgraphics-commons\2.4\xmlgraphics-commons-2.4.jar;C:\Windows\system32\config\systemprofile\.m2\repository\org\apache\xmlgraphics\batik-bridge\1.13\batik-bridge-1.13.jar;C:\Windows\system32\config\systemprofile\.m2\repository\org\apache\xmlgraphics\batik-codec\1.13\batik-codec-1.13.jar;C:\Windows\system32\config\systemprofile\.m2\repository\org\apache\xmlgraphics\batik-constants\1.13\batik-constants-1.13.jar;C:\Windows\system32\config\systemprofile\.m2\repository\org\apache\xmlgraphics\batik-css\1.13\batik-css-1.13.jar;C:\Windows\system32\config\systemprofile\.m2\repository\org\apache\xmlgraphics\batik-dom\1.13\batik-dom-1.13.jar;C:\Windows\system32\config\systemprofile\.m2\repository\xalan\xalan\2.7.2\xalan-2.7.2.jar;C:\Windows\system32\config\systemprofile\.m2\repository\xalan\serializer\2.7.2\serializer-2.7.2.jar;C:\Windows\system32\config\systemprofile\.m2\repository\xml-apis\xml-apis\1.4.01\xml-apis-1.4.01.jar;C:\Windows\system32\config\systemprofile\.m2\repository\org\apache\xmlgraphics\batik-ext\1.13\batik-ext-1.13.jar;C:\Windows\system32\config\systemprofile\.m2\repository\org\apache\xmlgraphics\batik-extension\1.13\batik-extension-1.13.jar;C:\Windows\system32\config\systemprofile\.m2\repository\org\apache\xmlgraphics\batik-gui-util\1.13\batik-gui-util-1.13.jar;C:\Windows\system32\config\systemprofile\.m2\repository\org\apache\xmlgraphics\batik-gvt\1.13\batik-gvt-1.13.jar;C:\Windows\system32\config\systemprofile\.m2\repository\org\apache\xmlgraphics\batik-i18n\1.13\batik-i18n-1.13.jar;C:\Windows\system32\config\systemprofile\.m2\repository\org\apache\xmlgraphics\batik-parser\1.13\batik-parser-1.13.jar;C:\Windows\system32\config\systemprofile\.m2\repository\org\apache\xmlgraphics\batik-rasterizer-ext\1.13\batik-rasterizer-ext-1.13.jar;C:\Windows\system32\config\systemprofile\.m2\repository\org\apache\xmlgraphics\batik-rasterizer\1.13\batik-rasterizer-1.13.jar;C:\Windows\system32\config\systemprofile\.m2\repository\org\apache\xmlgraphics\batik-script\1.13\batik-script-1.13.jar;C:\Windows\system32\config\systemprofile\.m2\repository\org\apache\xmlgraphics\batik-slideshow\1.13\batik-slideshow-1.13.jar;C:\Windows\system32\config\systemprofile\.m2\repository\org\apache\xmlgraphics\batik-squiggle-ext\1.13\batik-squiggle-ext-1.13.jar;C:\Windows\system32\config\systemprofile\.m2\repository\org\apache\xmlgraphics\batik-squiggle\1.13\batik-squiggle-1.13.jar;C:\Windows\system32\config\systemprofile\.m2\repository\org\apache\xmlgraphics\batik-svg-dom\1.13\batik-svg-dom-1.13.jar;C:\Windows\system32\config\systemprofile\.m2\repository\org\apache\xmlgraphics\batik-svgbrowser\1.13\batik-svgbrowser-1.13.jar;C:\Windows\system32\config\systemprofile\.m2\repository\org\apache\xmlgraphics\batik-svggen\1.13\batik-svggen-1.13.jar;C:\Windows\system32\config\systemprofile\.m2\repository\org\apache\xmlgraphics\batik-svgpp\1.13\batik-svgpp-1.13.jar;C:\Windows\system32\config\systemprofile\.m2\repository\org\apache\xmlgraphics\batik-svgrasterizer\1.13\batik-svgrasterizer-1.13.jar;C:\Windows\system32\config\systemprofile\.m2\repository\org\apache\xmlgraphics\batik-swing\1.13\batik-swing-1.13.jar;C:\Windows\system32\config\systemprofile\.m2\repository\org\apache\xmlgraphics\batik-transcoder\1.13\batik-transcoder-1.13.jar;C:\Windows\system32\config\systemprofile\.m2\repository\org\apache\xmlgraphics\batik-util\1.13\batik-util-1.13.jar;C:\Windows\system32\config\systemprofile\.m2\repository\org\apache\xmlgraphics\batik-ttf2svg\1.13\batik-ttf2svg-1.13.jar;C:\Windows\system32\config\systemprofile\.m2\repository\org\apache\xmlgraphics\batik-xml\1.13\batik-xml-1.13.jar;C:\Windows\system32\config\systemprofile\.m2\repository\de\rototor\pdfbox\graphics2d\0.30\graphics2d-0.30.jar;C:\Windows\system32\config\systemprofile\.m2\repository\org\apache\pdfbox\pdfbox\2.0.22\pdfbox-2.0.22.jar;C:\Windows\system32\config\systemprofile\.m2\repository\org\apache\pdfbox\fontbox\2.0.22\fontbox-2.0.22.jar;"/>
    <property name="sun.cpu.endian" value="little"/>
    <property name="user.home" value="C:\Windows\system32\config\systemprofile"/>
    <property name="user.language" value="en"/>
    <property name="java.specification.vendor" value="Oracle Corporation"/>
    <property name="java.version.date" value="2021-01-19"/>
    <property name="java.home" value="C:\Program Files\Java\jdk-11.0.10"/>
    <property name="file.separator" value="\"/>
    <property name="basedir" value="C:\Users\ADMIN\eclipse-workspace\Com.G.Varathan"/>
    <property name="java.vm.compressedOopsMode" value="32-bit"/>
    <property name="line.separator" value="&#10;"/>
    <property name="java.specification.name" value="Java Platform API Specification"/>
    <property name="java.vm.specification.vendor" value="Oracle Corporation"/>
    <property name="java.awt.graphicsenv" value="sun.awt.Win32GraphicsEnvironment"/>
    <property name="surefire.real.class.path" value="C:\Windows\Temp\surefire18142056756517700659\surefirebooter14831138480081829408.jar"/>
    <property name="user.script" value=""/>
    <property name="sun.management.compiler" value="HotSpot 64-Bit Tiered Compilers"/>
    <property name="java.runtime.version" value="11.0.10+8-LTS-162"/>
    <property name="user.name" value="LENOVO$"/>
    <property name="path.separator" value=";"/>
    <property name="os.version" value="6.3"/>
    <property name="java.runtime.name" value="Java(TM) SE Runtime Environment"/>
    <property name="file.encoding" value="Cp1252"/>
    <property name="java.vm.name" value="Java HotSpot(TM) 64-Bit Server VM"/>
    <property name="java.vendor.version" value="18.9"/>
    <property name="localRepository" value="C:\Windows\system32\config\systemprofile\.m2\repository"/>
    <property name="java.vendor.url.bug" value="https://bugreport.java.com/bugreport/"/>
    <property name="java.io.tmpdir" value="C:\Windows\TEMP\"/>
    <property name="java.version" value="11.0.10"/>
    <property name="user.dir" value="C:\Users\ADMIN\eclipse-workspace\Com.G.Varathan"/>
    <property name="os.arch" value="amd64"/>
    <property name="java.vm.specification.name" value="Java Virtual Machine Specification"/>
    <property name="java.awt.printerjob" value="sun.awt.windows.WPrinterJob"/>
    <property name="sun.os.patch.level" value=""/>
    <property name="java.library.path" value="C:\Program Files\Java\jdk-11.0.10\bin;C:\Windows\Sun\Java\bin;C:\Windows\system32;C:\Windows;C:\apache-maven-3.6.3/bin;C:\Program Files\Common Files\Oracle\Java\javapath;C:\apache-maven-3.6.3\bin;C:\apache-maven-3.6.3;C:\apache-maven-3.6.3\bin%JAVA_HOME\lib;;."/>
    <property name="java.vendor" value="Oracle Corporation"/>
    <property name="java.vm.info" value="mixed mode"/>
    <property name="java.vm.version" value="11.0.10+8-LTS-162"/>
    <property name="sun.io.unicode.encoding" value="UnicodeLittle"/>
    <property name="java.class.version" value="55.0"/>
  </properties>
  <testcase name="validateRegister" classname="Com.G.Varathan.scrip.Testscript" time="3.431">
    <system-err><![CDATA[Starting ChromeDriver 88.0.4324.96 (68dba2d8a0b149a1d3afac56fa74648032bcf46b-refs/branch-heads/4324@{#1784}) on port 17297
Only local connections are allowed.
Please see https://chromedriver.chromium.org/security-considerations for suggestions on keeping ChromeDriver safe.
ChromeDriver was started successfully.
Mar 01, 2021 11:40:17 PM org.openqa.selenium.remote.ProtocolHandshake createSession
INFO: Detected dialect: W3C
]]></system-err>
  </testcase>
  <testcase name="validateFirstname" classname="Com.G.Varathan.scrip.Testscript" time="1.905"/>
  <testcase name="validateLastname" classname="Com.G.Varathan.scrip.Testscript" time="0.138"/>
  <testcase name="validatePhonenum" classname="Com.G.Varathan.scrip.Testscript" time="0.14"/>
  <testcase name="validateEmail" classname="Com.G.Varathan.scrip.Testscript" time="0.205"/>
  <testcase name="validateAdres" classname="Com.G.Varathan.scrip.Testscript" time="0.146"/>
  <testcase name="validateCity" classname="Com.G.Varathan.scrip.Testscript" time="0.122"/>
  <testcase name="validateState" classname="Com.G.Varathan.scrip.Testscript" time="0.156"/>
  <testcase name="validatePostalcode" classname="Com.G.Varathan.scrip.Testscript" time="0.123"/>
  <testcase name="validateCountry" classname="Com.G.Varathan.scrip.Testscript" time="0.127"/>
  <testcase name="validateUserName" classname="Com.G.Varathan.scrip.Testscript" time="0.125"/>
  <testcase name="validatePassword" classname="Com.G.Varathan.scrip.Testscript" time="0.131"/>
  <testcase name="validateConfirmpass" classname="Com.G.Varathan.scrip.Testscript" time="0.152"/>
  <testcase name="validateSubmit" classname="Com.G.Varathan.scrip.Testscript" time="4.613"/>
  <testcase name="validateSignOn" classname="Com.G.Varathan.scrip.Testscript" time="1.703"/>
  <testcase name="validateSiUser" classname="Com.G.Varathan.scrip.Testscript" time="0.174"/>
  <testcase name="validateSipas" classname="Com.G.Varathan.scrip.Testscript" time="0.133"/>
  <testcase name="validateSigsub" classname="Com.G.Varathan.scrip.Testscript" time="5.508"/>
  <testcase name="validateSignof" classname="Com.G.Varathan.scrip.Testscript" time="1.153"/>
</testsuite>