<?xml version="1.0" encoding="UTF-8"?>
<!-- Generated by org.testng.reporters.JUnitReportReporter -->
<testsuite hostname="LENOVO" failures="0" tests="19" name="Com.G.Varathan.scrip.Testscript" time="10.762" errors="0" timestamp="2021-03-02T22:46:09 PST" skipped="0">
  <testcase classname="Com.G.Varathan.scrip.Testscript" name="validateRegister" time="1.913"/>
  <system-out/>
  <testcase classname="Com.G.Varathan.scrip.Testscript" name="validateFirstname" time="0.314"/>
  <system-out/>
  <testcase classname="Com.G.Varathan.scrip.Testscript" name="validateLastname" time="0.135"/>
  <system-out/>
  <testcase classname="Com.G.Varathan.scrip.Testscript" name="validatePhonenum" time="0.152"/>
  <system-out/>
  <testcase classname="Com.G.Varathan.scrip.Testscript" name="validateEmail" time="0.210"/>
  <system-out/>
  <testcase classname="Com.G.Varathan.scrip.Testscript" name="validateAdres" time="0.144"/>
  <system-out/>
  <testcase classname="Com.G.Varathan.scrip.Testscript" name="validateCity" time="0.144"/>
  <system-out/>
  <testcase classname="Com.G.Varathan.scrip.Testscript" name="validateState" time="0.150"/>
  <system-out/>
  <testcase classname="Com.G.Varathan.scrip.Testscript" name="validatePostalcode" time="0.167"/>
  <system-out/>
  <testcase classname="Com.G.Varathan.scrip.Testscript" name="validateCountry" time="0.127"/>
  <system-out/>
  <testcase classname="Com.G.Varathan.scrip.Testscript" name="validateUserName" time="0.153"/>
  <system-out/>
  <testcase classname="Com.G.Varathan.scrip.Testscript" name="validatePassword" time="0.149"/>
  <system-out/>
  <testcase classname="Com.G.Varathan.scrip.Testscript" name="validateConfirmpass" time="0.147"/>
  <system-out/>
  <testcase classname="Com.G.Varathan.scrip.Testscript" name="validateSubmit" time="1.752"/>
  <system-out/>
  <testcase classname="Com.G.Varathan.scrip.Testscript" name="validateSignOn" time="1.497"/>
  <system-out/>
  <testcase classname="Com.G.Varathan.scrip.Testscript" name="validateSiUser" time="0.232"/>
  <system-out/>
  <testcase classname="Com.G.Varathan.scrip.Testscript" name="validateSipas" time="0.150"/>
  <system-out/>
  <testcase classname="Com.G.Varathan.scrip.Testscript" name="validateSigsub" time="1.738"/>
  <system-out/>
  <testcase classname="Com.G.Varathan.scrip.Testscript" name="validateSignof" time="1.488"/>
  <system-out/>
</testsuite> <!-- Com.G.Varathan.scrip.Testscript -->
