<?xml version="1.0" encoding="UTF-8"?>
<!-- Generated by org.testng.reporters.JUnitReportReporter -->
<testsuite hostname="LENOVO" failures="0" tests="19" name="Com.G.Varathan.scrip.Testscript" time="12.375" errors="0" timestamp="2021-03-01T22:13:50 PST" skipped="0">
  <testcase classname="Com.G.Varathan.scrip.Testscript" name="validateRegister" time="1.614"/>
  <system-out/>
  <testcase classname="Com.G.Varathan.scrip.Testscript" name="validateFirstname" time="0.778"/>
  <system-out/>
  <testcase classname="Com.G.Varathan.scrip.Testscript" name="validateLastname" time="0.125"/>
  <system-out/>
  <testcase classname="Com.G.Varathan.scrip.Testscript" name="validatePhonenum" time="0.158"/>
  <system-out/>
  <testcase classname="Com.G.Varathan.scrip.Testscript" name="validateEmail" time="0.206"/>
  <system-out/>
  <testcase classname="Com.G.Varathan.scrip.Testscript" name="validateAdres" time="0.151"/>
  <system-out/>
  <testcase classname="Com.G.Varathan.scrip.Testscript" name="validateCity" time="0.147"/>
  <system-out/>
  <testcase classname="Com.G.Varathan.scrip.Testscript" name="validateState" time="0.158"/>
  <system-out/>
  <testcase classname="Com.G.Varathan.scrip.Testscript" name="validatePostalcode" time="0.154"/>
  <system-out/>
  <testcase classname="Com.G.Varathan.scrip.Testscript" name="validateCountry" time="0.153"/>
  <system-out/>
  <testcase classname="Com.G.Varathan.scrip.Testscript" name="validateUserName" time="0.138"/>
  <system-out/>
  <testcase classname="Com.G.Varathan.scrip.Testscript" name="validatePassword" time="0.147"/>
  <system-out/>
  <testcase classname="Com.G.Varathan.scrip.Testscript" name="validateConfirmpass" time="0.132"/>
  <system-out/>
  <testcase classname="Com.G.Varathan.scrip.Testscript" name="validateSubmit" time="2.726"/>
  <system-out/>
  <testcase classname="Com.G.Varathan.scrip.Testscript" name="validateSignOn" time="1.160"/>
  <system-out/>
  <testcase classname="Com.G.Varathan.scrip.Testscript" name="validateSiUser" time="0.296"/>
  <system-out/>
  <testcase classname="Com.G.Varathan.scrip.Testscript" name="validateSipas" time="0.154"/>
  <system-out/>
  <testcase classname="Com.G.Varathan.scrip.Testscript" name="validateSigsub" time="1.660"/>
  <system-out/>
  <testcase classname="Com.G.Varathan.scrip.Testscript" name="validateSignof" time="2.318"/>
  <system-out/>
</testsuite> <!-- Com.G.Varathan.scrip.Testscript -->
