<?xml version="1.0" encoding="UTF-8"?>
<!-- Generated by org.testng.reporters.JUnitReportReporter -->
<testsuite hostname="LENOVO" failures="0" tests="19" name="Com.G.Varathan.scrip.Testscript" time="10.646" errors="0" timestamp="2021-03-02T22:54:00 PST" skipped="0">
  <testcase classname="Com.G.Varathan.scrip.Testscript" name="validateRegister" time="1.526"/>
  <system-out/>
  <testcase classname="Com.G.Varathan.scrip.Testscript" name="validateFirstname" time="0.168"/>
  <system-out/>
  <testcase classname="Com.G.Varathan.scrip.Testscript" name="validateLastname" time="0.138"/>
  <system-out/>
  <testcase classname="Com.G.Varathan.scrip.Testscript" name="validatePhonenum" time="0.142"/>
  <system-out/>
  <testcase classname="Com.G.Varathan.scrip.Testscript" name="validateEmail" time="0.193"/>
  <system-out/>
  <testcase classname="Com.G.Varathan.scrip.Testscript" name="validateAdres" time="0.144"/>
  <system-out/>
  <testcase classname="Com.G.Varathan.scrip.Testscript" name="validateCity" time="0.124"/>
  <system-out/>
  <testcase classname="Com.G.Varathan.scrip.Testscript" name="validateState" time="0.141"/>
  <system-out/>
  <testcase classname="Com.G.Varathan.scrip.Testscript" name="validatePostalcode" time="0.119"/>
  <system-out/>
  <testcase classname="Com.G.Varathan.scrip.Testscript" name="validateCountry" time="0.121"/>
  <system-out/>
  <testcase classname="Com.G.Varathan.scrip.Testscript" name="validateUserName" time="0.127"/>
  <system-out/>
  <testcase classname="Com.G.Varathan.scrip.Testscript" name="validatePassword" time="0.135"/>
  <system-out/>
  <testcase classname="Com.G.Varathan.scrip.Testscript" name="validateConfirmpass" time="0.131"/>
  <system-out/>
  <testcase classname="Com.G.Varathan.scrip.Testscript" name="validateSubmit" time="2.164"/>
  <system-out/>
  <testcase classname="Com.G.Varathan.scrip.Testscript" name="validateSignOn" time="1.199"/>
  <system-out/>
  <testcase classname="Com.G.Varathan.scrip.Testscript" name="validateSiUser" time="0.137"/>
  <system-out/>
  <testcase classname="Com.G.Varathan.scrip.Testscript" name="validateSipas" time="0.120"/>
  <system-out/>
  <testcase classname="Com.G.Varathan.scrip.Testscript" name="validateSigsub" time="2.105"/>
  <system-out/>
  <testcase classname="Com.G.Varathan.scrip.Testscript" name="validateSignof" time="1.712"/>
  <system-out/>
</testsuite> <!-- Com.G.Varathan.scrip.Testscript -->
