<?xml version="1.0" encoding="UTF-8"?>
<!-- Generated by org.testng.reporters.JUnitReportReporter -->
<testsuite hostname="LENOVO" failures="0" tests="19" name="Com.G.Varathan.scrip.Testscript" time="20.207" errors="0" timestamp="2021-03-01T23:40:46 PST" skipped="0">
  <testcase classname="Com.G.Varathan.scrip.Testscript" name="validateRegister" time="3.460"/>
  <system-out/>
  <testcase classname="Com.G.Varathan.scrip.Testscript" name="validateFirstname" time="1.909"/>
  <system-out/>
  <testcase classname="Com.G.Varathan.scrip.Testscript" name="validateLastname" time="0.138"/>
  <system-out/>
  <testcase classname="Com.G.Varathan.scrip.Testscript" name="validatePhonenum" time="0.140"/>
  <system-out/>
  <testcase classname="Com.G.Varathan.scrip.Testscript" name="validateEmail" time="0.203"/>
  <system-out/>
  <testcase classname="Com.G.Varathan.scrip.Testscript" name="validateAdres" time="0.144"/>
  <system-out/>
  <testcase classname="Com.G.Varathan.scrip.Testscript" name="validateCity" time="0.123"/>
  <system-out/>
  <testcase classname="Com.G.Varathan.scrip.Testscript" name="validateState" time="0.157"/>
  <system-out/>
  <testcase classname="Com.G.Varathan.scrip.Testscript" name="validatePostalcode" time="0.123"/>
  <system-out/>
  <testcase classname="Com.G.Varathan.scrip.Testscript" name="validateCountry" time="0.118"/>
  <system-out/>
  <testcase classname="Com.G.Varathan.scrip.Testscript" name="validateUserName" time="0.130"/>
  <system-out/>
  <testcase classname="Com.G.Varathan.scrip.Testscript" name="validatePassword" time="0.131"/>
  <system-out/>
  <testcase classname="Com.G.Varathan.scrip.Testscript" name="validateConfirmpass" time="0.150"/>
  <system-out/>
  <testcase classname="Com.G.Varathan.scrip.Testscript" name="validateSubmit" time="4.615"/>
  <system-out/>
  <testcase classname="Com.G.Varathan.scrip.Testscript" name="validateSignOn" time="1.693"/>
  <system-out/>
  <testcase classname="Com.G.Varathan.scrip.Testscript" name="validateSiUser" time="0.183"/>
  <system-out/>
  <testcase classname="Com.G.Varathan.scrip.Testscript" name="validateSipas" time="0.132"/>
  <system-out/>
  <testcase classname="Com.G.Varathan.scrip.Testscript" name="validateSigsub" time="5.507"/>
  <system-out/>
  <testcase classname="Com.G.Varathan.scrip.Testscript" name="validateSignof" time="1.151"/>
  <system-out/>
</testsuite> <!-- Com.G.Varathan.scrip.Testscript -->
